<?xml version="1.0" encoding="UTF-8"?>
<!-- Generated by org.testng.reporters.JUnitReportReporter -->
<testsuite hostname="AngelsDen" failures="0" tests="5" name="com.webapp.scripts.TestClass" time="6.505" errors="0" timestamp="2022-06-21T00:50:44 IST" skipped="0">
  <testcase classname="com.webapp.scripts.TestClass" name="verifyValidLogin" time="1.160"/>
  <system-out/>
  <testcase classname="com.webapp.scripts.TestClass" name="blankFieldLogin" time="2.355"/>
  <system-out/>
  <testcase classname="com.webapp.scripts.TestClass" name="noPasswordLogin" time="2.322"/>
  <system-out/>
  <testcase classname="com.webapp.scripts.TestClass" name="invalidLogin" time="0.325"/>
  <system-out/>
  <testcase classname="com.webapp.scripts.TestClass" name="lockedoutUser" time="0.343"/>
  <system-out/>
</testsuite> <!-- com.webapp.scripts.TestClass -->
