<?xml version="1.0" encoding="UTF-8"?>
<!-- Generated by org.testng.reporters.JUnitReportReporter -->
<testsuite hostname="AngelsDen" failures="0" tests="1" name="mavendemo.MavenTestDemo" time="19.077" errors="0" timestamp="2022-06-09T01:47:20 IST" skipped="0">
  <testcase classname="mavendemo.MavenTestDemo" name="Test01" time="19.077"/>
  <system-out/>
</testsuite> <!-- mavendemo.MavenTestDemo -->
